<!DOCTYPE html PUBLIC "-//W3C//DTD XHTML 1.1//EN" "http://www.w3.org/TR/xhtml11/DTD/xhtml11.dtd">
<html xmlns="http://www.w3.org/1999/xhtml"><head><title>TestNG Report</title><style type="text/css">table {margin-bottom:10px;border-collapse:collapse;empty-cells:show}th,td {border:1px solid #009;padding:.25em .5em}th {vertical-align:bottom}td {vertical-align:top}table a {font-weight:bold}.stripe td {background-color: #E6EBF9}.num {text-align:right}.passedodd td {background-color: #3F3}.passedeven td {background-color: #0A0}.skippedodd td {background-color: #DDD}.skippedeven td {background-color: #CCC}.failedodd td,.attn {background-color: #F33}.failedeven td,.stripe .attn {background-color: #D00}.stacktrace {white-space:pre;font-family:monospace}.totop {font-size:85%;text-align:center;border-bottom:2px solid #000}</style></head><body><table><tr><th>Test</th><th># Passed</th><th># Skipped</th><th># Failed</th><th>Time (ms)</th><th>Included Groups</th><th>Excluded Groups</th></tr><tr><th colspan="7">Functionality Test</th></tr><tr><td><a href="#t0">Login_Page Test</a></td><td class="num">0</td><td class="num attn">6</td><td class="num">0</td><td class="num">641</td><td></td><td></td></tr><tr class="stripe"><td><a href="#t1">Sign_Up Page Test</a></td><td class="num">1</td><td class="num">0</td><td class="num">0</td><td class="num">44,234</td><td></td><td></td></tr><tr><th>Total</th><th class="num">1</th><th class="num attn">6</th><th class="num">0</th><th class="num">44,875</th><th colspan="2"></th></tr></table><table><thead><tr><th>Class</th><th>Method</th><th>Start</th><th>Time (ms)</th></tr></thead><tbody><tr><th colspan="4">Functionality Test</th></tr></tbody><tbody id="t0"><tr><th colspan="4">Login_Page Test &#8212; skipped</th></tr><tr class="skippedeven"><td rowspan="6">com.testcases.Login_Page</td><td><a href="#m0">testcase1</a></td><td rowspan="6">1495647679280</td><td rowspan="6">2</td></tr><tr class="skippedeven"><td><a href="#m1">testcase1</a></td></tr><tr class="skippedeven"><td><a href="#m2">testcase1</a></td></tr><tr class="skippedeven"><td><a href="#m3">testcase1</a></td></tr><tr class="skippedeven"><td><a href="#m4">testcase1</a></td></tr><tr class="skippedeven"><td><a href="#m5">testcase1</a></td></tr></tbody><tbody id="t1"><tr><th colspan="4">Sign_Up Page Test &#8212; passed</th></tr><tr class="passedeven"><td rowspan="1">com.testcases.SignUp_Page</td><td><a href="#m6">testcase2</a></td><td rowspan="1">1495647679325</td><td rowspan="1">44228</td></tr></tbody></table><h2>Login_Page Test</h2><h3 id="m0">com.testcases.Login_Page#testcase1</h3><table class="result"><tr class="param"><th>Parameter #1</th></tr><tr class="param stripe"><td>{Status=, Password=545, Runmode=N, Expected_Result=, Email=}</td></tr><tr><th>Exception</th></tr><tr><td><div class="stacktrace">org.testng.SkipException: Test case run mode is no
	at com.testcases.Login_Page.testcase1(Login_Page.java:47)
... Removed 24 stack frames</div></td></tr></table><p class="totop"><a href="#summary">back to summary</a></p><h3 id="m1">com.testcases.Login_Page#testcase1</h3><table class="result"><tr class="param"><th>Parameter #1</th></tr><tr class="param stripe"><td>{Status=, Password=545, Runmode=N, Expected_Result=, Email=jakay}</td></tr><tr><th>Exception</th></tr><tr><td><div class="stacktrace">org.testng.SkipException: Test case run mode is no
	at com.testcases.Login_Page.testcase1(Login_Page.java:47)
... Removed 24 stack frames</div></td></tr></table><p class="totop"><a href="#summary">back to summary</a></p><h3 id="m2">com.testcases.Login_Page#testcase1</h3><table class="result"><tr class="param"><th>Parameter #1</th></tr><tr class="param stripe"><td>{Status=, Password=545, Runmode=N, Expected_Result=, Email=}</td></tr><tr><th>Exception</th></tr><tr><td><div class="stacktrace">org.testng.SkipException: Test case run mode is no
	at com.testcases.Login_Page.testcase1(Login_Page.java:47)
... Removed 24 stack frames</div></td></tr></table><p class="totop"><a href="#summary">back to summary</a></p><h3 id="m3">com.testcases.Login_Page#testcase1</h3><table class="result"><tr class="param"><th>Parameter #1</th></tr><tr class="param stripe"><td>{Status=, Password=hjkhjhdjd^7, Runmode=N, Expected_Result=, Email=jakay}</td></tr><tr><th>Exception</th></tr><tr><td><div class="stacktrace">org.testng.SkipException: Test case run mode is no
	at com.testcases.Login_Page.testcase1(Login_Page.java:47)
... Removed 24 stack frames</div></td></tr></table><p class="totop"><a href="#summary">back to summary</a></p><h3 id="m4">com.testcases.Login_Page#testcase1</h3><table class="result"><tr class="param"><th>Parameter #1</th></tr><tr class="param stripe"><td>{Status=, Password=, Runmode=N, Expected_Result=, Email=}</td></tr><tr><th>Exception</th></tr><tr><td><div class="stacktrace">org.testng.SkipException: Test case run mode is no
	at com.testcases.Login_Page.testcase1(Login_Page.java:47)
... Removed 24 stack frames</div></td></tr></table><p class="totop"><a href="#summary">back to summary</a></p><h3 id="m5">com.testcases.Login_Page#testcase1</h3><table class="result"><tr class="param"><th>Parameter #1</th></tr><tr class="param stripe"><td>{Status=, Password=12345678, Runmode=N, Expected_Result=, Email=jakay34@gmail.com}</td></tr><tr><th>Exception</th></tr><tr><td><div class="stacktrace">org.testng.SkipException: Test case run mode is no
	at com.testcases.Login_Page.testcase1(Login_Page.java:47)
... Removed 24 stack frames</div></td></tr></table><p class="totop"><a href="#summary">back to summary</a></p><h2>Sign_Up Page Test</h2><h3 id="m6">com.testcases.SignUp_Page#testcase2</h3><table class="result"><tr class="param"><th>Parameter #1</th></tr><tr class="param stripe"><td>{Status=, Name=Vetri, Mobile=956565635, Password=1234567, Runmode=Y, Expected_Result=, Email=vetrivel@gmail.com}</td></tr></table><p class="totop"><a href="#summary">back to summary</a></p></body></html>